Arguments: 
  D:\software\Node\Node\node.exe C:\Users\86159\AppData\Roaming\npm\node_modules\yarn\bin\yarn.js add pg

PATH: 
  D:\software\xshell5\xshell6\配置\;C:\Program Files (x86)\Common Files\Oracle\Java\javapath;C:\Program Files (x86)\Intel\iCLS Client\;C:\Program Files\Intel\iCLS Client\;C:\windows\system32;C:\windows;C:\windows\System32\Wbem;C:\windows\System32\WindowsPowerShell\v1.0\;C:\Program Files (x86)\Intel\Intel(R) Management Engine Components\DAL;C:\Program Files\Intel\Intel(R) Management Engine Components\DAL;C:\Program Files (x86)\Intel\Intel(R) Management Engine Components\IPT;C:\Program Files\Intel\Intel(R) Management Engine Components\IPT;C:\Program Files (x86)\NVIDIA Corporation\PhysX\Common;C:\Windows\system32;C:\Windows;C:\Windows\System32\Wbem;C:\Windows\System32\WindowsPowerShell\v1.0\;C:\Windows\System32\OpenSSH\;C:\Program Files (x86)\Microsoft SQL Server\100\Tools\Binn\;C:\Program Files\Microsoft SQL Server\100\Tools\Binn\;C:\Program Files\Microsoft SQL Server\100\DTS\Binn\;C:\Program Files (x86)\Microsoft SQL Server\100\Tools\Binn\VSShell\Common7\IDE\;C:\Program Files (x86)\Microsoft SQL Server\100\DTS\Binn\;C:\Program Files (x86)\Microsoft Visual Studio 9.0\Common7\IDE\PrivateAssemblies\;D:\software\Git\Git\cmd;D:\software\TortoiseGit\bin;C:\Program Files\Microsoft\Web Platform Installer\;C:\Program Files (x86)\Microsoft ASP.NET\ASP.NET Web Pages\v1.0\;C:\Program Files (x86)\Windows Kits\8.0\Windows Performance Toolkit\;C:\Program Files\Microsoft SQL Server\110\Tools\Binn\;D:\software\Git\Git_Large\Git LFS;C:\Program Files\NVIDIA Corporation\NVIDIA NvDLISR;D:\software\Node\Node\;C:\WINDOWS\system32;C:\WINDOWS;C:\WINDOWS\System32\Wbem;C:\WINDOWS\System32\WindowsPowerShell\v1.0\;C:\WINDOWS\System32\OpenSSH\;D:\python27;C:\Ruby26-x64\bin;D:\software\cocos\cocos2d-x-3.14.1\cocos2d-x-3.14.1\templates;D:\software\cocos\cocos2d-x-3.14.1\cocos2d-x-3.14.1\tools\cocos2d-console\bin;C:\Users\86159\AppData\Local\Microsoft\WindowsApps;D:\software\Microsoft VS Code\bin;";E:\java\jdk\bin;E:\java\jdk\jre\bin";C:\Users\86159\AppData\Roaming\npm

Yarn version: 
  1.19.1

Node version: 
  10.15.3

Platform: 
  win32 x64

Trace: 
  Error: http://registry.cnpmjs.org/_define-properties: [not_found] document not found
      at Request.params.callback [as _callback] (C:\Users\86159\AppData\Roaming\npm\node_modules\yarn\lib\cli.js:66926:18)
      at Request.self.callback (C:\Users\86159\AppData\Roaming\npm\node_modules\yarn\lib\cli.js:140564:22)
      at Request.emit (events.js:189:13)
      at Request.<anonymous> (C:\Users\86159\AppData\Roaming\npm\node_modules\yarn\lib\cli.js:141536:10)
      at Request.emit (events.js:189:13)
      at Gunzip.<anonymous> (C:\Users\86159\AppData\Roaming\npm\node_modules\yarn\lib\cli.js:141458:12)
      at Object.onceWrapper (events.js:277:13)
      at Gunzip.emit (events.js:194:15)
      at endReadableNT (_stream_readable.js:1125:12)
      at process._tickCallback (internal/process/next_tick.js:63:19)

npm manifest: 
  {
    "name": "wechat",
    "version": "1.0.0",
    "description": "",
    "main": "apidata.js",
    "dependencies": {
      "_define-properties@1.1.3@define-properties": "^1.1.3",
      "_es-abstract@1.15.0@es-abstract": "^1.15.0",
      "_es-to-primitive@1.2.0@es-to-primitive": "^1.2.0",
      "_function-bind@1.1.1@function-bind": "^1.1.1",
      "_has-symbols@1.0.0@has-symbols": "^1.0.0",
      "_has@1.0.3@has": "^1.0.3",
      "_is-callable@1.1.4@is-callable": "^1.1.4",
      "_is-date-object@1.0.1@is-date-object": "^1.0.1",
      "_is-regex@1.0.4@is-regex": "^1.0.4",
      "_is-symbol@1.0.2@is-symbol": "^1.0.2",
      "_object-inspect@1.6.0@object-inspect": "^1.6.0",
      "_object-keys@1.1.1@object-keys": "^1.1.1",
      "_object.getownpropertydescriptors@2.0.3@object.getownpropertydescriptors": "^2.0.3",
      "_sax@1.2.4@sax": "^1.2.4",
      "_string.prototype.trimleft@2.1.0@string.prototype.trimleft": "^2.1.0",
      "_string.prototype.trimright@2.1.0@string.prototype.trimright": "^2.1.0",
      "_util.promisify@1.0.0@util.promisify": "^1.0.0",
      "_xml2js@0.4.22@xml2js": "^0.4.22",
      "_xmlbuilder@11.0.1@xmlbuilder": "^11.0.1",
      "define-properties": "^1.1.3",
      "es-abstract": "^1.15.0",
      "es-to-primitive": "^1.2.0",
      "function-bind": "^1.1.1",
      "has": "^1.0.3",
      "has-symbols": "^1.0.0",
      "is-callable": "^1.1.4",
      "is-date-object": "^1.0.1",
      "is-regex": "^1.0.4",
      "is-symbol": "^1.0.2",
      "object-inspect": "^1.6.0",
      "object-keys": "^1.1.1",
      "object.getownpropertydescriptors": "^2.0.3",
      "sax": "^1.2.4",
      "string.prototype.trimleft": "^2.1.0",
      "string.prototype.trimright": "^2.1.0",
      "util.promisify": "^1.0.0",
      "xml2js": "^0.4.22",
      "xmlbuilder": "^11.0.1",
      "yarn": "^1.19.2"
    },
    "devDependencies": {},
    "scripts": {
      "test": "echo \"Error: no test specified\" && exit 1"
    },
    "repository": {
      "type": "git",
      "url": "git+https://github.com/Huangfuyuru/wechat.git"
    },
    "author": "",
    "license": "ISC",
    "bugs": {
      "url": "https://github.com/Huangfuyuru/wechat/issues"
    },
    "homepage": "https://github.com/Huangfuyuru/wechat#readme"
  }

yarn manifest: 
  No manifest

Lockfile: 
  No lockfile
